2026-05-20 01:36:21 [INFO] __main__: Log file: logs/scrape_20260520_013621.log
2026-05-20 01:36:21 [INFO] __main__: Starting scrape run...
2026-05-20 01:36:21 [INFO] __main__: Cleaning up log files older than 5 days...
2026-05-20 01:36:21 [INFO] __main__: Deleted old log file: scrape_20260515_011912.log
2026-05-20 01:36:21 [INFO] storage.db: Connected to database: jobs.db
2026-05-20 01:36:22 [INFO] core.browser: Browser launched (headless=True)
2026-05-20 01:36:22 [INFO] core.orchestrator: 
============================================================
2026-05-20 01:36:22 [INFO] core.orchestrator: Scraping portal: microsoft
2026-05-20 01:36:22 [INFO] core.orchestrator: ============================================================
2026-05-20 01:36:22 [INFO] portals.loader: Loaded portal-specific config from /home/runner/work/JobScraper/JobScraper/portals/microsoft/config.yaml
2026-05-20 01:36:22 [INFO] portals.loader: Loaded portal plugin: microsoft
2026-05-20 01:36:22 [INFO] core.browser: No saved session found for 'microsoft', starting fresh
2026-05-20 01:36:22 [INFO] core.orchestrator: Portal 'microsoft' does not require auth.
2026-05-20 01:36:22 [INFO] portals.microsoft.search: Prepared search URL for 'Software Engineer 2' in 'Bangalore': https://microsoft.eightfold.ai/careers?domain=microsoft.com&query=Software+Engineer+2&location=Bangalore&sort_by=timestamp
2026-05-20 01:36:22 [INFO] portals.microsoft.search: Prepared search URL for 'Software Engineer II' in 'Bangalore': https://microsoft.eightfold.ai/careers?domain=microsoft.com&query=Software+Engineer+II&location=Bangalore&sort_by=timestamp
2026-05-20 01:36:22 [INFO] portals.microsoft.search: Navigating to: https://microsoft.eightfold.ai/careers?domain=microsoft.com&query=Software+Engineer+2&location=Bangalore&sort_by=timestamp
2026-05-20 01:36:24 [INFO] portals.microsoft.search: Job cards loaded successfully
2026-05-20 01:36:24 [INFO] portals.microsoft.scrape: Scraping page 1...
2026-05-20 01:36:25 [INFO] portals.microsoft.scrape: Found 10 job cards on current page
2026-05-20 01:36:25 [INFO] portals.microsoft.scrape: Scraping page 2...
2026-05-20 01:36:26 [INFO] portals.microsoft.scrape: Found 20 job cards on current page
2026-05-20 01:36:26 [INFO] portals.microsoft.scrape: Found 7 jobs older than 7 days. Stopping pagination.
2026-05-20 01:36:26 [INFO] portals.microsoft.scrape: Total jobs scraped from microsoft: 13
2026-05-20 01:36:26 [INFO] portals.microsoft.search: Navigating to: https://microsoft.eightfold.ai/careers?domain=microsoft.com&query=Software+Engineer+II&location=Bangalore&sort_by=timestamp
2026-05-20 01:36:28 [INFO] portals.microsoft.search: Job cards loaded successfully
2026-05-20 01:36:28 [INFO] portals.microsoft.scrape: Scraping page 1...
2026-05-20 01:36:29 [INFO] portals.microsoft.scrape: Found 20 job cards on current page
2026-05-20 01:36:29 [INFO] portals.microsoft.scrape: Scraping page 2...
2026-05-20 01:36:30 [INFO] portals.microsoft.scrape: Found 20 job cards on current page
2026-05-20 01:36:30 [INFO] portals.microsoft.scrape: Found 9 jobs older than 7 days. Stopping pagination.
2026-05-20 01:36:30 [INFO] portals.microsoft.scrape: Total jobs scraped from microsoft: 11
2026-05-20 01:36:30 [INFO] core.orchestrator: Scraped 13 jobs from 'microsoft'
2026-05-20 01:36:30 [INFO] core.orchestrator: After title filtering: 2 jobs (from 13 scraped)
2026-05-20 01:36:30 [INFO] core.orchestrator: New jobs (not previously seen): 2 (out of 2 filtered)
2026-05-20 01:36:30 [INFO] storage.db: Marked 2 jobs as seen
2026-05-20 01:36:30 [INFO] core.browser: Browser closed
2026-05-20 01:36:30 [INFO] core.browser: Playwright stopped
2026-05-20 01:36:30 [INFO] storage.db: Database connection closed
2026-05-20 01:36:30 [INFO] core.orchestrator: 
============================================================
2026-05-20 01:36:30 [INFO] core.orchestrator: SCRAPE COMPLETE
2026-05-20 01:36:30 [INFO] core.orchestrator: ============================================================
2026-05-20 01:36:30 [INFO] core.orchestrator: Total new jobs found: 2
2026-05-20 01:36:30 [INFO] core.orchestrator: Database stats: {'microsoft': 13, '_total': 13}
2026-05-20 01:36:30 [ERROR] notifier.email_sender: SMTP_USERNAME and SMTP_PASSWORD must be set in .env file
2026-05-20 01:36:30 [ERROR] core.orchestrator: Failed to send email: Missing SMTP credentials in environment variables
Traceback (most recent call last):
  File "/home/runner/work/JobScraper/JobScraper/core/orchestrator.py", line 162, in run_scrape
    emailer.send_jobs(all_new_jobs)
  File "/home/runner/work/JobScraper/JobScraper/notifier/email_sender.py", line 40, in send_jobs
    self._send(subject, html_body)
  File "/home/runner/work/JobScraper/JobScraper/notifier/email_sender.py", line 149, in _send
    raise ValueError("Missing SMTP credentials in environment variables")
ValueError: Missing SMTP credentials in environment variables
2026-05-20 01:36:30 [INFO] __main__: 
Found 2 new jobs:
2026-05-20 01:36:30 [INFO] __main__:   → [microsoft] Software Engineer 2 - C++ | India, Karnataka, Bangalore + 1 more | Posted: May 19, 2026
2026-05-20 01:36:30 [INFO] __main__:   → [microsoft] Software Engineer II | India, Karnataka, Bangalore + 2 more | Posted: May 19, 2026
