2026-06-30 01:24:08 [INFO] __main__: Log file: logs/scrape_20260630_012408.log
2026-06-30 01:24:08 [INFO] __main__: Starting scrape run...
2026-06-30 01:24:08 [INFO] __main__: Cleaning up log files older than 5 days...
2026-06-30 01:24:08 [INFO] storage.db: Connected to database: jobs.db
2026-06-30 01:24:09 [INFO] core.browser: Browser launched (headless=True)
2026-06-30 01:24:09 [INFO] core.orchestrator: 
============================================================
2026-06-30 01:24:09 [INFO] core.orchestrator: Scraping portal: microsoft
2026-06-30 01:24:09 [INFO] core.orchestrator: ============================================================
2026-06-30 01:24:09 [INFO] portals.loader: Loaded portal-specific config from /home/runner/work/JobScraper/JobScraper/portals/microsoft/config.yaml
2026-06-30 01:24:09 [INFO] portals.loader: Loaded portal plugin: microsoft
2026-06-30 01:24:09 [INFO] core.browser: No saved session found for 'microsoft', starting fresh
2026-06-30 01:24:09 [INFO] core.orchestrator: Portal 'microsoft' does not require auth.
2026-06-30 01:24:09 [INFO] portals.microsoft.search: Prepared search URL for 'Software Engineer 2' in 'Bangalore': https://microsoft.eightfold.ai/careers?domain=microsoft.com&query=Software+Engineer+2&location=Bangalore&sort_by=timestamp
2026-06-30 01:24:09 [INFO] portals.microsoft.search: Prepared search URL for 'Software Engineer II' in 'Bangalore': https://microsoft.eightfold.ai/careers?domain=microsoft.com&query=Software+Engineer+II&location=Bangalore&sort_by=timestamp
2026-06-30 01:24:09 [INFO] portals.microsoft.search: Navigating to: https://microsoft.eightfold.ai/careers?domain=microsoft.com&query=Software+Engineer+2&location=Bangalore&sort_by=timestamp
2026-06-30 01:24:11 [INFO] portals.microsoft.search: Job cards loaded successfully
2026-06-30 01:24:11 [INFO] portals.microsoft.scrape: Scraping page 1...
2026-06-30 01:24:11 [INFO] portals.microsoft.scrape: Found 20 job cards on current page
2026-06-30 01:24:12 [INFO] portals.microsoft.scrape: Scraping page 2...
2026-06-30 01:24:13 [INFO] portals.microsoft.scrape: Found 20 job cards on current page
2026-06-30 01:24:13 [INFO] portals.microsoft.scrape: Found 4 jobs older than 7 days. Stopping pagination.
2026-06-30 01:24:13 [INFO] portals.microsoft.scrape: Total jobs scraped from microsoft: 16
2026-06-30 01:24:13 [INFO] portals.microsoft.search: Navigating to: https://microsoft.eightfold.ai/careers?domain=microsoft.com&query=Software+Engineer+II&location=Bangalore&sort_by=timestamp
2026-06-30 01:24:14 [INFO] portals.microsoft.search: Job cards loaded successfully
2026-06-30 01:24:14 [INFO] portals.microsoft.scrape: Scraping page 1...
2026-06-30 01:24:15 [INFO] portals.microsoft.scrape: Found 20 job cards on current page
2026-06-30 01:24:15 [INFO] portals.microsoft.scrape: Scraping page 2...
2026-06-30 01:24:16 [INFO] portals.microsoft.scrape: Found 20 job cards on current page
2026-06-30 01:24:16 [INFO] portals.microsoft.scrape: Found 6 jobs older than 7 days. Stopping pagination.
2026-06-30 01:24:16 [INFO] portals.microsoft.scrape: Total jobs scraped from microsoft: 14
2026-06-30 01:24:16 [INFO] core.orchestrator: Scraped 16 jobs from 'microsoft'
2026-06-30 01:24:16 [INFO] core.orchestrator: After title filtering: 3 jobs (from 16 scraped)
2026-06-30 01:24:16 [INFO] core.orchestrator: New jobs (not previously seen): 2 (out of 3 filtered)
2026-06-30 01:24:16 [INFO] storage.db: Marked 2 jobs as seen
2026-06-30 01:24:16 [INFO] core.browser: Browser closed
2026-06-30 01:24:16 [INFO] core.browser: Playwright stopped
2026-06-30 01:24:16 [INFO] storage.db: Database connection closed
2026-06-30 01:24:16 [INFO] core.orchestrator: 
============================================================
2026-06-30 01:24:16 [INFO] core.orchestrator: SCRAPE COMPLETE
2026-06-30 01:24:16 [INFO] core.orchestrator: ============================================================
2026-06-30 01:24:16 [INFO] core.orchestrator: Total new jobs found: 2
2026-06-30 01:24:16 [INFO] core.orchestrator: Database stats: {'microsoft': 20, '_total': 20}
2026-06-30 01:24:18 [INFO] notifier.email_sender: Email sent to ['prathameshbonde32@gmail.com']
2026-06-30 01:24:18 [INFO] __main__: 
Found 2 new jobs:
2026-06-30 01:24:18 [INFO] __main__:   → [microsoft] Software Engineer 2 | India, Karnataka, Bangalore + 1 more | Posted: Jun 29, 2026
2026-06-30 01:24:18 [INFO] __main__:   → [microsoft] Software Engineer II (Build Systems) | India, Karnataka, Bangalore | Posted: Jun 29, 2026
