2026-05-06 10:00:02 [INFO] __main__: Log file: logs\scrape_20260506_100002.log
2026-05-06 10:00:02 [INFO] __main__: Starting scrape run...
2026-05-06 10:00:02 [INFO] storage.db: Connected to database: jobs.db
2026-05-06 10:00:10 [INFO] core.browser: Browser launched (headless=True)
2026-05-06 10:00:10 [INFO] core.orchestrator: 
============================================================
2026-05-06 10:00:10 [INFO] core.orchestrator: Scraping portal: microsoft
2026-05-06 10:00:10 [INFO] core.orchestrator: ============================================================
2026-05-06 10:00:10 [INFO] portals.loader: Loaded portal-specific config from D:\Projects\JobScrapper\portals\microsoft\config.yaml
2026-05-06 10:00:10 [INFO] portals.loader: Loaded portal plugin: microsoft
2026-05-06 10:00:10 [INFO] core.browser: No saved session found for 'microsoft', starting fresh
2026-05-06 10:00:11 [INFO] core.orchestrator: Portal 'microsoft' does not require auth.
2026-05-06 10:00:11 [INFO] portals.microsoft.search: Prepared search URL for 'Software Engineer 2' in 'Bangalore': https://microsoft.eightfold.ai/careers?domain=microsoft.com&query=Software+Engineer+2&location=Bangalore&sort_by=timestamp
2026-05-06 10:00:11 [INFO] portals.microsoft.search: Prepared search URL for 'Software Engineer II' in 'Bangalore': https://microsoft.eightfold.ai/careers?domain=microsoft.com&query=Software+Engineer+II&location=Bangalore&sort_by=timestamp
2026-05-06 10:00:11 [INFO] portals.microsoft.search: Navigating to: https://microsoft.eightfold.ai/careers?domain=microsoft.com&query=Software+Engineer+2&location=Bangalore&sort_by=timestamp
2026-05-06 10:00:21 [INFO] portals.microsoft.search: Job cards loaded successfully
2026-05-06 10:00:21 [INFO] portals.microsoft.scrape: Scraping page 1...
2026-05-06 10:00:22 [INFO] portals.microsoft.scrape: Found 10 job cards on current page
2026-05-06 10:00:22 [INFO] portals.microsoft.scrape: Scraping page 2...
2026-05-06 10:00:23 [INFO] portals.microsoft.scrape: Found 20 job cards on current page
2026-05-06 10:00:23 [INFO] portals.microsoft.scrape: Found 5 jobs older than 7 days. Stopping pagination.
2026-05-06 10:00:23 [INFO] portals.microsoft.scrape: Total jobs scraped from microsoft: 15
2026-05-06 10:00:23 [INFO] portals.microsoft.search: Navigating to: https://microsoft.eightfold.ai/careers?domain=microsoft.com&query=Software+Engineer+II&location=Bangalore&sort_by=timestamp
2026-05-06 10:00:25 [INFO] portals.microsoft.search: Job cards loaded successfully
2026-05-06 10:00:25 [INFO] portals.microsoft.scrape: Scraping page 1...
2026-05-06 10:00:26 [INFO] portals.microsoft.scrape: Found 10 job cards on current page
2026-05-06 10:00:26 [INFO] portals.microsoft.scrape: Scraping page 2...
2026-05-06 10:00:27 [INFO] portals.microsoft.scrape: Found 20 job cards on current page
2026-05-06 10:00:27 [INFO] portals.microsoft.scrape: Found 9 jobs older than 7 days. Stopping pagination.
2026-05-06 10:00:27 [INFO] portals.microsoft.scrape: Total jobs scraped from microsoft: 11
2026-05-06 10:00:27 [INFO] core.orchestrator: Scraped 15 jobs from 'microsoft'
2026-05-06 10:00:27 [INFO] core.orchestrator: After title filtering: 4 jobs (from 15 scraped)
2026-05-06 10:00:27 [INFO] core.orchestrator: New jobs (not previously seen): 4 (out of 4 filtered)
2026-05-06 10:00:27 [INFO] storage.db: Marked 4 jobs as seen
2026-05-06 10:00:29 [INFO] core.browser: Browser closed
2026-05-06 10:00:29 [INFO] core.browser: Playwright stopped
2026-05-06 10:00:29 [INFO] storage.db: Database connection closed
2026-05-06 10:00:29 [INFO] core.orchestrator: 
============================================================
2026-05-06 10:00:29 [INFO] core.orchestrator: SCRAPE COMPLETE
2026-05-06 10:00:29 [INFO] core.orchestrator: ============================================================
2026-05-06 10:00:29 [INFO] core.orchestrator: Total new jobs found: 4
2026-05-06 10:00:29 [INFO] core.orchestrator: Database stats: {'microsoft': 5, '_total': 5}
2026-05-06 10:00:33 [INFO] notifier.email_sender: Email sent to ['prathameshbonde32@gmail.com']
2026-05-06 10:00:33 [INFO] __main__: 
Found 4 new jobs:
2026-05-06 10:00:33 [INFO] __main__:   → [microsoft] Software Engineer II | India, Karnataka, Bangalore | Posted: May 06, 2026
2026-05-06 10:00:33 [INFO] __main__:   → [microsoft] Software Engineer II | India, Karnataka, Bangalore | Posted: May 06, 2026
2026-05-06 10:00:33 [INFO] __main__:   → [microsoft] Software Engineer 2 | India, Karnataka, Bangalore + 1 more | Posted: May 05, 2026
2026-05-06 10:00:33 [INFO] __main__:   → [microsoft] Software Engineer II (Networking) | India, Karnataka, Bangalore | Posted: May 04, 2026
