2026-05-04 10:00:02 [INFO] __main__: Log file: logs\scrape_20260504_100002.log
2026-05-04 10:00:02 [INFO] __main__: Starting scrape run...
2026-05-04 10:00:02 [INFO] storage.db: Connected to database: jobs.db
2026-05-04 10:00:10 [INFO] core.browser: Browser launched (headless=True)
2026-05-04 10:00:10 [INFO] core.orchestrator: 
============================================================
2026-05-04 10:00:10 [INFO] core.orchestrator: Scraping portal: microsoft
2026-05-04 10:00:10 [INFO] core.orchestrator: ============================================================
2026-05-04 10:00:10 [INFO] portals.loader: Loaded portal-specific config from D:\Projects\JobScrapper\portals\microsoft\config.yaml
2026-05-04 10:00:10 [INFO] portals.loader: Loaded portal plugin: microsoft
2026-05-04 10:00:10 [INFO] core.browser: No saved session found for 'microsoft', starting fresh
2026-05-04 10:00:11 [INFO] core.orchestrator: Portal 'microsoft' does not require auth.
2026-05-04 10:00:11 [INFO] portals.microsoft.search: Prepared search URL for 'Software Engineer 2' in 'Bangalore': https://microsoft.eightfold.ai/careers?domain=microsoft.com&query=Software+Engineer+2&location=Bangalore&sort_by=timestamp
2026-05-04 10:00:11 [INFO] portals.microsoft.search: Prepared search URL for 'Software Engineer II' in 'Bangalore': https://microsoft.eightfold.ai/careers?domain=microsoft.com&query=Software+Engineer+II&location=Bangalore&sort_by=timestamp
2026-05-04 10:00:11 [INFO] portals.microsoft.search: Navigating to: https://microsoft.eightfold.ai/careers?domain=microsoft.com&query=Software+Engineer+2&location=Bangalore&sort_by=timestamp
2026-05-04 10:00:22 [INFO] portals.microsoft.search: Job cards loaded successfully
2026-05-04 10:00:22 [INFO] portals.microsoft.scrape: Scraping page 1...
2026-05-04 10:00:23 [INFO] portals.microsoft.scrape: Found 10 job cards on current page
2026-05-04 10:00:24 [INFO] portals.microsoft.scrape: Scraping page 2...
2026-05-04 10:00:24 [INFO] portals.microsoft.scrape: Found 20 job cards on current page
2026-05-04 10:00:25 [INFO] portals.microsoft.scrape: Found 8 jobs older than 7 days. Stopping pagination.
2026-05-04 10:00:25 [INFO] portals.microsoft.scrape: Total jobs scraped from microsoft: 12
2026-05-04 10:00:25 [INFO] portals.microsoft.search: Navigating to: https://microsoft.eightfold.ai/careers?domain=microsoft.com&query=Software+Engineer+II&location=Bangalore&sort_by=timestamp
2026-05-04 10:00:27 [INFO] portals.microsoft.search: Job cards loaded successfully
2026-05-04 10:00:27 [INFO] portals.microsoft.scrape: Scraping page 1...
2026-05-04 10:00:27 [INFO] portals.microsoft.scrape: Found 10 job cards on current page
2026-05-04 10:00:28 [INFO] portals.microsoft.scrape: Scraping page 2...
2026-05-04 10:00:29 [INFO] portals.microsoft.scrape: Found 20 job cards on current page
2026-05-04 10:00:29 [INFO] portals.microsoft.scrape: Found 10 jobs older than 7 days. Stopping pagination.
2026-05-04 10:00:29 [INFO] portals.microsoft.scrape: Total jobs scraped from microsoft: 10
2026-05-04 10:00:29 [INFO] core.orchestrator: Scraped 12 jobs from 'microsoft'
2026-05-04 10:00:29 [INFO] core.orchestrator: After title filtering: 0 jobs (from 12 scraped)
2026-05-04 10:00:29 [INFO] core.orchestrator: New jobs (not previously seen): 0 (out of 0 filtered)
2026-05-04 10:00:31 [INFO] core.browser: Browser closed
2026-05-04 10:00:31 [INFO] core.browser: Playwright stopped
2026-05-04 10:00:31 [INFO] storage.db: Database connection closed
2026-05-04 10:00:31 [INFO] core.orchestrator: 
============================================================
2026-05-04 10:00:31 [INFO] core.orchestrator: SCRAPE COMPLETE
2026-05-04 10:00:31 [INFO] core.orchestrator: ============================================================
2026-05-04 10:00:31 [INFO] core.orchestrator: Total new jobs found: 0
2026-05-04 10:00:31 [INFO] core.orchestrator: Database stats: {'microsoft': 1, '_total': 1}
2026-05-04 10:00:31 [INFO] core.orchestrator: No new jobs to report. Skipping email.
2026-05-04 10:00:31 [INFO] __main__: 
No new jobs found.
