2026-07-07 04:32:06 [INFO] __main__: Log file: logs/scrape_20260707_043206.log
2026-07-07 04:32:06 [INFO] __main__: Starting scrape run...
2026-07-07 04:32:06 [INFO] __main__: Cleaning up log files older than 5 days...
2026-07-07 04:32:06 [INFO] __main__: Deleted old log file: scrape_20260702_012401.log
2026-07-07 04:32:06 [INFO] storage.db: Connected to database: jobs.db
2026-07-07 04:32:06 [INFO] core.browser: Browser launched (headless=True)
2026-07-07 04:32:06 [INFO] core.orchestrator: 
============================================================
2026-07-07 04:32:06 [INFO] core.orchestrator: Scraping portal: microsoft
2026-07-07 04:32:06 [INFO] core.orchestrator: ============================================================
2026-07-07 04:32:06 [INFO] portals.loader: Loaded portal-specific config from /home/runner/work/JobScraper/JobScraper/portals/microsoft/config.yaml
2026-07-07 04:32:06 [INFO] portals.loader: Loaded portal plugin: microsoft
2026-07-07 04:32:06 [INFO] core.browser: No saved session found for 'microsoft', starting fresh
2026-07-07 04:32:06 [INFO] core.orchestrator: Portal 'microsoft' does not require auth.
2026-07-07 04:32:06 [INFO] portals.microsoft.search: Prepared search URL for 'Software Engineer 2' in 'Bangalore': https://microsoft.eightfold.ai/careers?domain=microsoft.com&query=Software+Engineer+2&location=Bangalore&sort_by=timestamp
2026-07-07 04:32:06 [INFO] portals.microsoft.search: Prepared search URL for 'Software Engineer II' in 'Bangalore': https://microsoft.eightfold.ai/careers?domain=microsoft.com&query=Software+Engineer+II&location=Bangalore&sort_by=timestamp
2026-07-07 04:32:06 [INFO] portals.microsoft.search: Navigating to: https://microsoft.eightfold.ai/careers?domain=microsoft.com&query=Software+Engineer+2&location=Bangalore&sort_by=timestamp
2026-07-07 04:32:09 [INFO] portals.microsoft.search: Job cards loaded successfully
2026-07-07 04:32:09 [INFO] portals.microsoft.scrape: Scraping page 1...
2026-07-07 04:32:10 [INFO] portals.microsoft.scrape: Found 10 job cards on current page
2026-07-07 04:32:10 [INFO] portals.microsoft.scrape: Scraping page 2...
2026-07-07 04:32:11 [INFO] portals.microsoft.scrape: Found 20 job cards on current page
2026-07-07 04:32:11 [INFO] portals.microsoft.scrape: Scraping page 3...
2026-07-07 04:32:12 [INFO] portals.microsoft.scrape: Found 20 job cards on current page
2026-07-07 04:32:12 [INFO] portals.microsoft.scrape: Found 9 jobs older than 7 days. Stopping pagination.
2026-07-07 04:32:12 [INFO] portals.microsoft.scrape: Total jobs scraped from microsoft: 21
2026-07-07 04:32:12 [INFO] portals.microsoft.search: Navigating to: https://microsoft.eightfold.ai/careers?domain=microsoft.com&query=Software+Engineer+II&location=Bangalore&sort_by=timestamp
2026-07-07 04:32:14 [INFO] portals.microsoft.search: Job cards loaded successfully
2026-07-07 04:32:14 [INFO] portals.microsoft.scrape: Scraping page 1...
2026-07-07 04:32:14 [INFO] portals.microsoft.scrape: Found 10 job cards on current page
2026-07-07 04:32:15 [INFO] portals.microsoft.scrape: Scraping page 2...
2026-07-07 04:32:15 [INFO] portals.microsoft.scrape: Found 20 job cards on current page
2026-07-07 04:32:16 [INFO] portals.microsoft.scrape: Found 3 jobs older than 7 days. Stopping pagination.
2026-07-07 04:32:16 [INFO] portals.microsoft.scrape: Total jobs scraped from microsoft: 17
2026-07-07 04:32:16 [INFO] core.orchestrator: Scraped 21 jobs from 'microsoft'
2026-07-07 04:32:16 [INFO] core.orchestrator: After title filtering: 2 jobs (from 21 scraped)
2026-07-07 04:32:16 [INFO] core.orchestrator: New jobs (not previously seen): 1 (out of 2 filtered)
2026-07-07 04:32:16 [INFO] storage.db: Marked 1 jobs as seen
2026-07-07 04:32:16 [INFO] core.browser: Browser closed
2026-07-07 04:32:16 [INFO] core.browser: Playwright stopped
2026-07-07 04:32:16 [INFO] storage.db: Database connection closed
2026-07-07 04:32:16 [INFO] core.orchestrator: 
============================================================
2026-07-07 04:32:16 [INFO] core.orchestrator: SCRAPE COMPLETE
2026-07-07 04:32:16 [INFO] core.orchestrator: ============================================================
2026-07-07 04:32:16 [INFO] core.orchestrator: Total new jobs found: 1
2026-07-07 04:32:16 [INFO] core.orchestrator: Database stats: {'microsoft': 22, '_total': 22}
2026-07-07 04:32:17 [INFO] notifier.email_sender: Email sent to ['prathameshbonde32@gmail.com']
2026-07-07 04:32:17 [INFO] __main__: 
Found 1 new jobs:
2026-07-07 04:32:17 [INFO] __main__:   → [microsoft] Software Engineer II | India, Karnataka, Bangalore | Posted: Jul 06, 2026
