2026-05-07 10:00:02 [INFO] __main__: Log file: logs\scrape_20260507_100002.log
2026-05-07 10:00:02 [INFO] __main__: Starting scrape run...
2026-05-07 10:00:02 [INFO] storage.db: Connected to database: jobs.db
2026-05-07 10:00:11 [INFO] core.browser: Browser launched (headless=True)
2026-05-07 10:00:11 [INFO] core.orchestrator: 
============================================================
2026-05-07 10:00:11 [INFO] core.orchestrator: Scraping portal: microsoft
2026-05-07 10:00:11 [INFO] core.orchestrator: ============================================================
2026-05-07 10:00:11 [INFO] portals.loader: Loaded portal-specific config from D:\Projects\JobScrapper\portals\microsoft\config.yaml
2026-05-07 10:00:11 [INFO] portals.loader: Loaded portal plugin: microsoft
2026-05-07 10:00:11 [INFO] core.browser: No saved session found for 'microsoft', starting fresh
2026-05-07 10:00:11 [INFO] core.orchestrator: Portal 'microsoft' does not require auth.
2026-05-07 10:00:11 [INFO] portals.microsoft.search: Prepared search URL for 'Software Engineer 2' in 'Bangalore': https://microsoft.eightfold.ai/careers?domain=microsoft.com&query=Software+Engineer+2&location=Bangalore&sort_by=timestamp
2026-05-07 10:00:11 [INFO] portals.microsoft.search: Prepared search URL for 'Software Engineer II' in 'Bangalore': https://microsoft.eightfold.ai/careers?domain=microsoft.com&query=Software+Engineer+II&location=Bangalore&sort_by=timestamp
2026-05-07 10:00:11 [INFO] portals.microsoft.search: Navigating to: https://microsoft.eightfold.ai/careers?domain=microsoft.com&query=Software+Engineer+2&location=Bangalore&sort_by=timestamp
2026-05-07 10:00:24 [INFO] portals.microsoft.search: Job cards loaded successfully
2026-05-07 10:00:24 [INFO] portals.microsoft.scrape: Scraping page 1...
2026-05-07 10:00:25 [INFO] portals.microsoft.scrape: Found 10 job cards on current page
2026-05-07 10:00:25 [INFO] portals.microsoft.scrape: Scraping page 2...
2026-05-07 10:00:26 [INFO] portals.microsoft.scrape: Found 20 job cards on current page
2026-05-07 10:00:26 [INFO] portals.microsoft.scrape: Found 3 jobs older than 7 days. Stopping pagination.
2026-05-07 10:00:26 [INFO] portals.microsoft.scrape: Total jobs scraped from microsoft: 17
2026-05-07 10:00:26 [INFO] portals.microsoft.search: Navigating to: https://microsoft.eightfold.ai/careers?domain=microsoft.com&query=Software+Engineer+II&location=Bangalore&sort_by=timestamp
2026-05-07 10:00:29 [INFO] portals.microsoft.search: Job cards loaded successfully
2026-05-07 10:00:29 [INFO] portals.microsoft.scrape: Scraping page 1...
2026-05-07 10:00:29 [INFO] portals.microsoft.scrape: Found 10 job cards on current page
2026-05-07 10:00:30 [INFO] portals.microsoft.scrape: Scraping page 2...
2026-05-07 10:00:31 [INFO] portals.microsoft.scrape: Found 20 job cards on current page
2026-05-07 10:00:31 [INFO] portals.microsoft.scrape: Found 6 jobs older than 7 days. Stopping pagination.
2026-05-07 10:00:31 [INFO] portals.microsoft.scrape: Total jobs scraped from microsoft: 14
2026-05-07 10:00:31 [INFO] core.orchestrator: Scraped 17 jobs from 'microsoft'
2026-05-07 10:00:31 [INFO] core.orchestrator: After title filtering: 6 jobs (from 17 scraped)
2026-05-07 10:00:31 [INFO] core.orchestrator: New jobs (not previously seen): 2 (out of 6 filtered)
2026-05-07 10:00:31 [INFO] storage.db: Marked 2 jobs as seen
2026-05-07 10:00:32 [INFO] core.browser: Browser closed
2026-05-07 10:00:32 [INFO] core.browser: Playwright stopped
2026-05-07 10:00:32 [INFO] storage.db: Database connection closed
2026-05-07 10:00:32 [INFO] core.orchestrator: 
============================================================
2026-05-07 10:00:32 [INFO] core.orchestrator: SCRAPE COMPLETE
2026-05-07 10:00:32 [INFO] core.orchestrator: ============================================================
2026-05-07 10:00:32 [INFO] core.orchestrator: Total new jobs found: 2
2026-05-07 10:00:32 [INFO] core.orchestrator: Database stats: {'microsoft': 7, '_total': 7}
2026-05-07 10:00:37 [INFO] notifier.email_sender: Email sent to ['prathameshbonde32@gmail.com']
2026-05-07 10:00:37 [INFO] __main__: 
Found 2 new jobs:
2026-05-07 10:00:37 [INFO] __main__:   → [microsoft] Software Engineer II | India, Karnataka, Bangalore | Posted: May 06, 2026
2026-05-07 10:00:37 [INFO] __main__:   → [microsoft] Software Engineer II | India, Karnataka, Bangalore | Posted: May 06, 2026
