2026-07-13 14:27:28 [INFO] __main__: Log file: logs/scrape_20260713_142728.log
2026-07-13 14:27:28 [INFO] __main__: Starting scrape run...
2026-07-13 14:27:28 [INFO] __main__: Cleaning up log files older than 5 days...
2026-07-13 14:27:28 [INFO] storage.db: Connected to database: jobs.db
2026-07-13 14:27:28 [INFO] core.browser: Browser launched (headless=True)
2026-07-13 14:27:28 [INFO] core.orchestrator: 
============================================================
2026-07-13 14:27:28 [INFO] core.orchestrator: Scraping portal: microsoft
2026-07-13 14:27:28 [INFO] core.orchestrator: ============================================================
2026-07-13 14:27:28 [INFO] portals.loader: Loaded portal-specific config from /home/runner/work/JobScraper/JobScraper/portals/microsoft/config.yaml
2026-07-13 14:27:28 [INFO] portals.loader: Loaded portal plugin: microsoft
2026-07-13 14:27:28 [INFO] core.browser: No saved session found for 'microsoft', starting fresh
2026-07-13 14:27:28 [INFO] core.orchestrator: Portal 'microsoft' does not require auth.
2026-07-13 14:27:28 [INFO] portals.microsoft.search: Prepared search URL for 'Software Engineer 2' in 'Bangalore': https://microsoft.eightfold.ai/careers?domain=microsoft.com&query=Software+Engineer+2&location=Bangalore&sort_by=timestamp
2026-07-13 14:27:28 [INFO] portals.microsoft.search: Prepared search URL for 'Software Engineer II' in 'Bangalore': https://microsoft.eightfold.ai/careers?domain=microsoft.com&query=Software+Engineer+II&location=Bangalore&sort_by=timestamp
2026-07-13 14:27:28 [INFO] portals.microsoft.search: Navigating to: https://microsoft.eightfold.ai/careers?domain=microsoft.com&query=Software+Engineer+2&location=Bangalore&sort_by=timestamp
2026-07-13 14:27:30 [INFO] portals.microsoft.search: Job cards loaded successfully
2026-07-13 14:27:30 [INFO] portals.microsoft.scrape: Scraping page 1...
2026-07-13 14:27:31 [INFO] portals.microsoft.scrape: Found 10 job cards on current page
2026-07-13 14:27:31 [INFO] portals.microsoft.scrape: Scraping page 2...
2026-07-13 14:27:32 [INFO] portals.microsoft.scrape: Found 20 job cards on current page
2026-07-13 14:27:32 [INFO] portals.microsoft.scrape: Scraping page 3...
2026-07-13 14:27:33 [INFO] portals.microsoft.scrape: Found 20 job cards on current page
2026-07-13 14:27:33 [INFO] portals.microsoft.scrape: Found 10 jobs older than 7 days. Stopping pagination.
2026-07-13 14:27:33 [INFO] portals.microsoft.scrape: Total jobs scraped from microsoft: 20
2026-07-13 14:27:33 [INFO] portals.microsoft.search: Navigating to: https://microsoft.eightfold.ai/careers?domain=microsoft.com&query=Software+Engineer+II&location=Bangalore&sort_by=timestamp
2026-07-13 14:27:34 [INFO] portals.microsoft.search: Job cards loaded successfully
2026-07-13 14:27:34 [INFO] portals.microsoft.scrape: Scraping page 1...
2026-07-13 14:27:35 [INFO] portals.microsoft.scrape: Found 20 job cards on current page
2026-07-13 14:27:35 [INFO] portals.microsoft.scrape: Scraping page 2...
2026-07-13 14:27:36 [INFO] portals.microsoft.scrape: Found 20 job cards on current page
2026-07-13 14:27:36 [INFO] portals.microsoft.scrape: Found 5 jobs older than 7 days. Stopping pagination.
2026-07-13 14:27:36 [INFO] portals.microsoft.scrape: Total jobs scraped from microsoft: 15
2026-07-13 14:27:36 [INFO] core.orchestrator: Scraped 20 jobs from 'microsoft'
2026-07-13 14:27:36 [INFO] core.orchestrator: After title filtering: 3 jobs (from 20 scraped)
2026-07-13 14:27:36 [INFO] core.orchestrator: New jobs (not previously seen): 1 (out of 3 filtered)
2026-07-13 14:27:36 [INFO] storage.db: Marked 1 jobs as seen
2026-07-13 14:27:36 [INFO] core.browser: Browser closed
2026-07-13 14:27:36 [INFO] core.browser: Playwright stopped
2026-07-13 14:27:36 [INFO] storage.db: Database connection closed
2026-07-13 14:27:36 [INFO] core.orchestrator: 
============================================================
2026-07-13 14:27:36 [INFO] core.orchestrator: SCRAPE COMPLETE
2026-07-13 14:27:36 [INFO] core.orchestrator: ============================================================
2026-07-13 14:27:36 [INFO] core.orchestrator: Total new jobs found: 1
2026-07-13 14:27:36 [INFO] core.orchestrator: Database stats: {'microsoft': 25, '_total': 25}
2026-07-13 14:27:37 [INFO] notifier.email_sender: Email sent to ['prathameshbonde32@gmail.com']
2026-07-13 14:27:37 [INFO] __main__: 
Found 1 new jobs:
2026-07-13 14:27:37 [INFO] __main__:   → [microsoft] Software Engineer II | India, Karnataka, Bangalore | Posted: Jul 13, 2026
