2026-05-14 01:22:34 [INFO] __main__: Log file: logs/scrape_20260514_012234.log
2026-05-14 01:22:34 [INFO] __main__: Starting scrape run...
2026-05-14 01:22:34 [INFO] __main__: Cleaning up log files older than 5 days...
2026-05-14 01:22:34 [INFO] __main__: Deleted old log file: scrape_20260509_011431.log
2026-05-14 01:22:34 [INFO] __main__: Deleted old log file: scrape_20260508_052048.log
2026-05-14 01:22:34 [INFO] __main__: Deleted old log file: scrape_20260508_052258.log
2026-05-14 01:22:34 [INFO] storage.db: Connected to database: jobs.db
2026-05-14 01:22:34 [INFO] core.browser: Browser launched (headless=True)
2026-05-14 01:22:34 [INFO] core.orchestrator: 
============================================================
2026-05-14 01:22:34 [INFO] core.orchestrator: Scraping portal: microsoft
2026-05-14 01:22:34 [INFO] core.orchestrator: ============================================================
2026-05-14 01:22:34 [INFO] portals.loader: Loaded portal-specific config from /home/runner/work/JobScraper/JobScraper/portals/microsoft/config.yaml
2026-05-14 01:22:34 [INFO] portals.loader: Loaded portal plugin: microsoft
2026-05-14 01:22:34 [INFO] core.browser: No saved session found for 'microsoft', starting fresh
2026-05-14 01:22:34 [INFO] core.orchestrator: Portal 'microsoft' does not require auth.
2026-05-14 01:22:34 [INFO] portals.microsoft.search: Prepared search URL for 'Software Engineer 2' in 'Bangalore': https://microsoft.eightfold.ai/careers?domain=microsoft.com&query=Software+Engineer+2&location=Bangalore&sort_by=timestamp
2026-05-14 01:22:34 [INFO] portals.microsoft.search: Prepared search URL for 'Software Engineer II' in 'Bangalore': https://microsoft.eightfold.ai/careers?domain=microsoft.com&query=Software+Engineer+II&location=Bangalore&sort_by=timestamp
2026-05-14 01:22:34 [INFO] portals.microsoft.search: Navigating to: https://microsoft.eightfold.ai/careers?domain=microsoft.com&query=Software+Engineer+2&location=Bangalore&sort_by=timestamp
2026-05-14 01:22:38 [INFO] portals.microsoft.search: Job cards loaded successfully
2026-05-14 01:22:38 [INFO] portals.microsoft.scrape: Scraping page 1...
2026-05-14 01:22:38 [INFO] portals.microsoft.scrape: Found 10 job cards on current page
2026-05-14 01:22:39 [INFO] portals.microsoft.scrape: Scraping page 2...
2026-05-14 01:22:40 [INFO] portals.microsoft.scrape: Found 20 job cards on current page
2026-05-14 01:22:40 [INFO] portals.microsoft.scrape: Scraping page 3...
2026-05-14 01:22:41 [INFO] portals.microsoft.scrape: Found 20 job cards on current page
2026-05-14 01:22:41 [INFO] portals.microsoft.scrape: Found 5 jobs older than 7 days. Stopping pagination.
2026-05-14 01:22:41 [INFO] portals.microsoft.scrape: Total jobs scraped from microsoft: 25
2026-05-14 01:22:41 [INFO] portals.microsoft.search: Navigating to: https://microsoft.eightfold.ai/careers?domain=microsoft.com&query=Software+Engineer+II&location=Bangalore&sort_by=timestamp
2026-05-14 01:22:43 [INFO] portals.microsoft.search: Job cards loaded successfully
2026-05-14 01:22:43 [INFO] portals.microsoft.scrape: Scraping page 1...
2026-05-14 01:22:43 [INFO] portals.microsoft.scrape: Found 10 job cards on current page
2026-05-14 01:22:44 [INFO] portals.microsoft.scrape: Scraping page 2...
2026-05-14 01:22:45 [INFO] portals.microsoft.scrape: Found 20 job cards on current page
2026-05-14 01:22:45 [INFO] portals.microsoft.scrape: Scraping page 3...
2026-05-14 01:22:46 [INFO] portals.microsoft.scrape: Found 20 job cards on current page
2026-05-14 01:22:46 [INFO] portals.microsoft.scrape: Found 9 jobs older than 7 days. Stopping pagination.
2026-05-14 01:22:46 [INFO] portals.microsoft.scrape: Total jobs scraped from microsoft: 21
2026-05-14 01:22:46 [INFO] core.orchestrator: Scraped 25 jobs from 'microsoft'
2026-05-14 01:22:46 [INFO] core.orchestrator: After title filtering: 3 jobs (from 25 scraped)
2026-05-14 01:22:46 [INFO] core.orchestrator: New jobs (not previously seen): 3 (out of 3 filtered)
2026-05-14 01:22:46 [INFO] storage.db: Marked 3 jobs as seen
2026-05-14 01:22:46 [INFO] core.browser: Browser closed
2026-05-14 01:22:46 [INFO] core.browser: Playwright stopped
2026-05-14 01:22:46 [INFO] storage.db: Database connection closed
2026-05-14 01:22:46 [INFO] core.orchestrator: 
============================================================
2026-05-14 01:22:46 [INFO] core.orchestrator: SCRAPE COMPLETE
2026-05-14 01:22:46 [INFO] core.orchestrator: ============================================================
2026-05-14 01:22:46 [INFO] core.orchestrator: Total new jobs found: 3
2026-05-14 01:22:46 [INFO] core.orchestrator: Database stats: {'microsoft': 10, '_total': 10}
2026-05-14 01:22:46 [ERROR] notifier.email_sender: SMTP_USERNAME and SMTP_PASSWORD must be set in .env file
2026-05-14 01:22:46 [ERROR] core.orchestrator: Failed to send email: Missing SMTP credentials in environment variables
Traceback (most recent call last):
  File "/home/runner/work/JobScraper/JobScraper/core/orchestrator.py", line 162, in run_scrape
    emailer.send_jobs(all_new_jobs)
  File "/home/runner/work/JobScraper/JobScraper/notifier/email_sender.py", line 40, in send_jobs
    self._send(subject, html_body)
  File "/home/runner/work/JobScraper/JobScraper/notifier/email_sender.py", line 149, in _send
    raise ValueError("Missing SMTP credentials in environment variables")
ValueError: Missing SMTP credentials in environment variables
2026-05-14 01:22:46 [INFO] __main__: 
Found 3 new jobs:
2026-05-14 01:22:46 [INFO] __main__:   → [microsoft] Software Engineer II | India, Karnataka, Bangalore + 1 more | Posted: May 13, 2026
2026-05-14 01:22:46 [INFO] __main__:   → [microsoft] Software Engineer II | India, Karnataka, Bangalore | Posted: May 13, 2026
2026-05-14 01:22:46 [INFO] __main__:   → [microsoft] Software Engineer 2 | India, Karnataka, Bangalore + 1 more | Posted: May 13, 2026
