2026-06-26 12:16:24 [INFO] __main__: Log file: logs/scrape_20260626_121624.log
2026-06-26 12:16:24 [INFO] __main__: Starting scrape run...
2026-06-26 12:16:24 [INFO] __main__: Cleaning up log files older than 5 days...
2026-06-26 12:16:25 [INFO] __main__: Deleted old log file: scrape_20260527_012729.log
2026-06-26 12:16:25 [INFO] __main__: Deleted old log file: scrape_20260526_012244.log
2026-06-26 12:16:25 [INFO] __main__: Deleted old log file: scrape_20260528_011934.log
2026-06-26 12:16:25 [INFO] __main__: Deleted old log file: scrape_20260525_012729.log
2026-06-26 12:16:25 [INFO] __main__: Deleted old log file: scrape_20260524_012550.log
2026-06-26 12:16:25 [INFO] __main__: Deleted old log file: scrape_20260523_012014.log
2026-06-26 12:16:25 [INFO] storage.db: Connected to database: jobs.db
2026-06-26 12:16:25 [INFO] core.browser: Browser launched (headless=True)
2026-06-26 12:16:25 [INFO] core.orchestrator: 
============================================================
2026-06-26 12:16:25 [INFO] core.orchestrator: Scraping portal: microsoft
2026-06-26 12:16:25 [INFO] core.orchestrator: ============================================================
2026-06-26 12:16:25 [INFO] portals.loader: Loaded portal-specific config from /home/runner/work/JobScraper/JobScraper/portals/microsoft/config.yaml
2026-06-26 12:16:25 [INFO] portals.loader: Loaded portal plugin: microsoft
2026-06-26 12:16:25 [INFO] core.browser: No saved session found for 'microsoft', starting fresh
2026-06-26 12:16:25 [INFO] core.orchestrator: Portal 'microsoft' does not require auth.
2026-06-26 12:16:25 [INFO] portals.microsoft.search: Prepared search URL for 'Software Engineer 2' in 'Bangalore': https://microsoft.eightfold.ai/careers?domain=microsoft.com&query=Software+Engineer+2&location=Bangalore&sort_by=timestamp
2026-06-26 12:16:25 [INFO] portals.microsoft.search: Prepared search URL for 'Software Engineer II' in 'Bangalore': https://microsoft.eightfold.ai/careers?domain=microsoft.com&query=Software+Engineer+II&location=Bangalore&sort_by=timestamp
2026-06-26 12:16:25 [INFO] portals.microsoft.search: Navigating to: https://microsoft.eightfold.ai/careers?domain=microsoft.com&query=Software+Engineer+2&location=Bangalore&sort_by=timestamp
2026-06-26 12:16:28 [INFO] portals.microsoft.search: Job cards loaded successfully
2026-06-26 12:16:28 [INFO] portals.microsoft.scrape: Scraping page 1...
2026-06-26 12:16:28 [INFO] portals.microsoft.scrape: Found 20 job cards on current page
2026-06-26 12:16:28 [INFO] portals.microsoft.scrape: Scraping page 2...
2026-06-26 12:16:29 [INFO] portals.microsoft.scrape: Found 20 job cards on current page
2026-06-26 12:16:30 [INFO] portals.microsoft.scrape: Scraping page 3...
2026-06-26 12:16:31 [INFO] portals.microsoft.scrape: Found 20 job cards on current page
2026-06-26 12:16:31 [INFO] portals.microsoft.scrape: Found 6 jobs older than 7 days. Stopping pagination.
2026-06-26 12:16:31 [INFO] portals.microsoft.scrape: Total jobs scraped from microsoft: 24
2026-06-26 12:16:31 [INFO] portals.microsoft.search: Navigating to: https://microsoft.eightfold.ai/careers?domain=microsoft.com&query=Software+Engineer+II&location=Bangalore&sort_by=timestamp
2026-06-26 12:16:32 [INFO] portals.microsoft.search: Job cards loaded successfully
2026-06-26 12:16:32 [INFO] portals.microsoft.scrape: Scraping page 1...
2026-06-26 12:16:33 [INFO] portals.microsoft.scrape: Found 10 job cards on current page
2026-06-26 12:16:33 [INFO] portals.microsoft.scrape: Scraping page 2...
2026-06-26 12:16:34 [INFO] portals.microsoft.scrape: Found 20 job cards on current page
2026-06-26 12:16:34 [INFO] portals.microsoft.scrape: Scraping page 3...
2026-06-26 12:16:35 [INFO] portals.microsoft.scrape: Found 20 job cards on current page
2026-06-26 12:16:35 [INFO] portals.microsoft.scrape: Found 8 jobs older than 7 days. Stopping pagination.
2026-06-26 12:16:35 [INFO] portals.microsoft.scrape: Total jobs scraped from microsoft: 22
2026-06-26 12:16:35 [INFO] core.orchestrator: Scraped 24 jobs from 'microsoft'
2026-06-26 12:16:35 [INFO] core.orchestrator: After title filtering: 3 jobs (from 24 scraped)
2026-06-26 12:16:35 [INFO] core.orchestrator: New jobs (not previously seen): 3 (out of 3 filtered)
2026-06-26 12:16:35 [INFO] storage.db: Marked 3 jobs as seen
2026-06-26 12:16:35 [INFO] core.browser: Browser closed
2026-06-26 12:16:35 [INFO] core.browser: Playwright stopped
2026-06-26 12:16:35 [INFO] storage.db: Database connection closed
2026-06-26 12:16:35 [INFO] core.orchestrator: 
============================================================
2026-06-26 12:16:35 [INFO] core.orchestrator: SCRAPE COMPLETE
2026-06-26 12:16:35 [INFO] core.orchestrator: ============================================================
2026-06-26 12:16:35 [INFO] core.orchestrator: Total new jobs found: 3
2026-06-26 12:16:35 [INFO] core.orchestrator: Database stats: {'microsoft': 18, '_total': 18}
2026-06-26 12:16:36 [INFO] notifier.email_sender: Email sent to ['prathameshbonde32@gmail.com']
2026-06-26 12:16:36 [INFO] __main__: 
Found 3 new jobs:
2026-06-26 12:16:36 [INFO] __main__:   → [microsoft] Software Engineer II | India, Karnataka, Bangalore | Posted: Jun 24, 2026
2026-06-26 12:16:36 [INFO] __main__:   → [microsoft] Software Engineer II | India, Karnataka, Bangalore | Posted: Jun 24, 2026
2026-06-26 12:16:36 [INFO] __main__:   → [microsoft] Software Engineer II | India, Karnataka, Bangalore | Posted: Jun 22, 2026
